<?xml version="1.0" encoding="UTF-8"?>
<!-- Generated by org.testng.reporters.JUnitReportReporter -->
<testsuite skipped="0" hostname="DESKTOP-RNEII5F" name="com.realpage.test.GoogleChromeSuggestTestComparePage" tests="1" failures="0" timestamp="2020-04-11T21:18:06 COT" time="4.498" errors="0">
  <testcase name="compareTitleofPage" time="4.498" classname="com.realpage.test.GoogleChromeSuggestTestComparePage"/>
  <system-out/>
</testsuite> <!-- com.realpage.test.GoogleChromeSuggestTestComparePage -->
