<?xml version="1.0" encoding="UTF-8"?>
<!-- Generated by org.testng.reporters.JUnitReportReporter -->
<testsuite skipped="0" hostname="DESKTOP-RNEII5F" name="com.realpage.test.GoogleChromeBlankSearchTest" tests="1" failures="0" timestamp="2020-04-11T21:18:06 COT" time="0.264" errors="0">
  <testcase name="blanKGoogleSearch" time="0.264" classname="com.realpage.test.GoogleChromeBlankSearchTest"/>
  <system-out/>
</testsuite> <!-- com.realpage.test.GoogleChromeBlankSearchTest -->
